<?xml version="1.0" encoding="UTF-8"?>
<!-- Generated by org.testng.reporters.JUnitReportReporter -->
<testsuite hostname="SOCARs-MacBook-Pro-2.local" failures="0" tests="4" name="com.example.runners.TestRunner" time="108.549" errors="0" timestamp="2024-06-09T16:45:13 MYT" skipped="0">
  <testcase classname="com.example.runners.TestRunner" name="runScenario" time="41.800"/>
  <system-out/>
  <testcase classname="com.example.runners.TestRunner" name="runScenario" time="13.095"/>
  <system-out/>
  <testcase classname="com.example.runners.TestRunner" name="runScenario" time="40.467"/>
  <system-out/>
  <testcase classname="com.example.runners.TestRunner" name="runScenario" time="13.187"/>
  <system-out/>
</testsuite> <!-- com.example.runners.TestRunner -->
